Using pre-set license
Built from '2021.1/staging' branch; Version is '2021.1.7f1 (d91830b65d9b) revision 14227504'; Using compiler version '192528614'; Build Type 'Release'
OS: 'Windows 10 Home; OS build 19044.2251; Version 2009; 64bit' Language: 'en' Physical Memory: 16289 MB
BatchMode: 1, IsHumanControllingUs: 0, StartBugReporterOnCrash: 0, Is64bit: 1, IsPro: 0

 COMMAND LINE ARGUMENTS:
C:\Users\Bossman\Desktop\Unity Project\2021.1.7f1\Editor\Unity.exe
-adb2
-batchMode
-noUpm
-name
AssetImportWorker0
-projectPath
C:/Users/Bossman/Desktop/Dungeon Crawler/DungeonCrawler
-logFile
Logs/AssetImportWorker0.log
-srvPort
58849
Successfully changed project path to: C:/Users/Bossman/Desktop/Dungeon Crawler/DungeonCrawler
C:/Users/Bossman/Desktop/Dungeon Crawler/DungeonCrawler
Using Asset Import Pipeline V2.
Refreshing native plugins compatible for Editor in 109.10 ms, found 0 plugins.
Preloading 0 native plugins for Editor in 0.00 ms.
Initialize engine version: 2021.1.7f1 (d91830b65d9b)
[Subsystems] Discovering subsystems at path C:/Users/Bossman/Desktop/Unity Project/2021.1.7f1/Editor/Data/Resources/UnitySubsystems
[Subsystems] Discovering subsystems at path C:/Users/Bossman/Desktop/Dungeon Crawler/DungeonCrawler/Assets
GfxDevice: creating device client; threaded=0; jobified=0
Direct3D:
    Version:  Direct3D 11.0 [level 11.1]
    Renderer: NVIDIA GeForce GTX 1660 SUPER (ID=0x21c4)
    Vendor:   NVIDIA
    VRAM:     5980 MB
    Driver:   31.0.15.2647
Shader 'Universal Render Pipeline/Particles/Lit': fallback shader 'Universal Render Pipeline/Particles/SimpleLit' not found
Initialize mono
Mono path[0] = 'C:/Users/Bossman/Desktop/Unity Project/2021.1.7f1/Editor/Data/Managed'
Mono path[1] = 'C:/Users/Bossman/Desktop/Unity Project/2021.1.7f1/Editor/Data/MonoBleedingEdge/lib/mono/unityjit'
Mono config path = 'C:/Users/Bossman/Desktop/Unity Project/2021.1.7f1/Editor/Data/MonoBleedingEdge/etc'
Using monoOptions --debugger-agent=transport=dt_socket,embedding=1,server=y,suspend=n,address=127.0.0.1:56140
Begin MonoManager ReloadAssembly
Registering precompiled unity dll's ...
Register platform support module: C:/Users/Bossman/Desktop/Unity Project/2021.1.7f1/Editor/Data/PlaybackEngines/WindowsStandaloneSupport/UnityEditor.WindowsStandalone.Extensions.dll
Registered in 0.002700 seconds.
Native extension for WindowsStandalone target not found
Refreshing native plugins compatible for Editor in 102.52 ms, found 0 plugins.
Preloading 0 native plugins for Editor in 0.00 ms.
Mono: successfully reloaded assembly
- Completed reload, in  1.598 seconds
Platform modules already initialized, skipping
Registering precompiled user dll's ...
Registered in 0.002435 seconds.
Begin MonoManager ReloadAssembly
Native extension for WindowsStandalone target not found
Refreshing native plugins compatible for Editor in 103.43 ms, found 0 plugins.
Preloading 0 native plugins for Editor in 0.00 ms.
Mono: successfully reloaded assembly
- Completed reload, in  1.154 seconds
Platform modules already initialized, skipping
========================================================================
Worker process is ready to serve import requests
Shader 'Universal Render Pipeline/Particles/Lit': fallback shader 'Universal Render Pipeline/Particles/SimpleLit' not found
Launched and connected shader compiler UnityShaderCompiler.exe after 0.05 seconds
Refreshing native plugins compatible for Editor in 4.05 ms, found 0 plugins.
Preloading 0 native plugins for Editor in 0.00 ms.
Unloading 2214 Unused Serialized files (Serialized files now loaded: 0)
System memory in use before: 115.1 MB.
System memory in use after: 115.2 MB.

Unloading 14 unused Assets to reduce memory usage. Loaded Objects now: 2672.
Total: 5.232800 ms (FindLiveObjects: 0.796600 ms CreateObjectMapping: 0.183600 ms MarkObjects: 4.080200 ms  DeleteObjects: 0.169800 ms)

========================================================================
Received Import Request.
  path: Assets/Prefabs/Dungeon/Doors
  artifactKey: Guid(7166f75ececb12543911cd9d7fb7784b) Importer(815301076,1909f56bfc062723c751e8b465ee728b)
Start importing Assets/Prefabs/Dungeon/Doors using Guid(7166f75ececb12543911cd9d7fb7784b) Importer(815301076,1909f56bfc062723c751e8b465ee728b)  -> (artifact id: '0d5eff517033c099ed7ff31c10e3bc3e') in 0.014701 seconds 
========================================================================
Received Import Request.
  Time since last request: 5.969620 seconds.
  path: Assets/Prefabs/Dungeon/Doors/DoorEW
  artifactKey: Guid(67c65c67819550e4481bb55bafb24845) Importer(815301076,1909f56bfc062723c751e8b465ee728b)
Start importing Assets/Prefabs/Dungeon/Doors/DoorEW using Guid(67c65c67819550e4481bb55bafb24845) Importer(815301076,1909f56bfc062723c751e8b465ee728b)  -> (artifact id: 'd2550394f670b1acba6faa0dcefcd2f9') in 0.007831 seconds 
========================================================================
Received Import Request.
  Time since last request: 7.637012 seconds.
  path: Assets/Prefabs/Dungeon/Doors/DoorNS
  artifactKey: Guid(5185fbff9e1581f4aac48cff65371ffc) Importer(815301076,1909f56bfc062723c751e8b465ee728b)
Start importing Assets/Prefabs/Dungeon/Doors/DoorNS using Guid(5185fbff9e1581f4aac48cff65371ffc) Importer(815301076,1909f56bfc062723c751e8b465ee728b)  -> (artifact id: '98804dc1463aaea894af7ce1df8f265f') in 0.006789 seconds 
========================================================================
Received Import Request.
  Time since last request: 17.819260 seconds.
  path: Assets/Prefabs/Dungeon/Doors/DoorNS/DoorNS.prefab
  artifactKey: Guid(3df60122a00b9ea41b3c60a35668874c) Importer(815301076,1909f56bfc062723c751e8b465ee728b)
Start importing Assets/Prefabs/Dungeon/Doors/DoorNS/DoorNS.prefab using Guid(3df60122a00b9ea41b3c60a35668874c) Importer(815301076,1909f56bfc062723c751e8b465ee728b)  -> (artifact id: '376a4fa90b775801cb8d59fbb81684fc') in 0.061200 seconds 
========================================================================
Received Import Request.
  Time since last request: 8.774360 seconds.
  path: Assets/Prefabs/Dungeon/Doors/DoorNS/DoorNS.prefab
  artifactKey: Guid(3df60122a00b9ea41b3c60a35668874c) Importer(815301076,1909f56bfc062723c751e8b465ee728b)
Start importing Assets/Prefabs/Dungeon/Doors/DoorNS/DoorNS.prefab using Guid(3df60122a00b9ea41b3c60a35668874c) Importer(815301076,1909f56bfc062723c751e8b465ee728b)  -> (artifact id: 'f662bef7184b941da2f8d2e268829d2c') in 0.004862 seconds 
========================================================================
Received Import Request.
  Time since last request: 35.423860 seconds.
  path: Assets/CourseAssets/Textures/Sprites/Dungeon/Doors/DoorEWTop.png
  artifactKey: Guid(8bf4537c840876747a02facf5781dfb0) Importer(815301076,1909f56bfc062723c751e8b465ee728b)
Start importing Assets/CourseAssets/Textures/Sprites/Dungeon/Doors/DoorEWTop.png using Guid(8bf4537c840876747a02facf5781dfb0) Importer(815301076,1909f56bfc062723c751e8b465ee728b)  -> (artifact id: '41d37bce9f74cb3895f249d982f8ca10') in 0.225419 seconds 
========================================================================
Received Import Request.
  Time since last request: 0.000266 seconds.
  path: Assets/CourseAssets/Textures/Sprites/Dungeon/Doors/DoorNS.png
  artifactKey: Guid(1c2d86caa78d3784bb500872bfec57c4) Importer(815301076,1909f56bfc062723c751e8b465ee728b)
Start importing Assets/CourseAssets/Textures/Sprites/Dungeon/Doors/DoorNS.png using Guid(1c2d86caa78d3784bb500872bfec57c4) Importer(815301076,1909f56bfc062723c751e8b465ee728b)  -> (artifact id: '03077b2d3d4aa7d3288ac006bd48ad94') in 0.030080 seconds 
========================================================================
Received Import Request.
  Time since last request: 11.327395 seconds.
  path: Assets/Prefabs/Dungeon/Doors/DoorNS/DoorNS.prefab
  artifactKey: Guid(3df60122a00b9ea41b3c60a35668874c) Importer(815301076,1909f56bfc062723c751e8b465ee728b)
Start importing Assets/Prefabs/Dungeon/Doors/DoorNS/DoorNS.prefab using Guid(3df60122a00b9ea41b3c60a35668874c) Importer(815301076,1909f56bfc062723c751e8b465ee728b)  -> (artifact id: 'da0775b2c99cc15cb6664e2db46db883') in 0.170198 seconds 
========================================================================
Received Import Request.
  Time since last request: 109.674416 seconds.
  path: Assets/CourseAssets/Animation/Dungeon
  artifactKey: Guid(9885901c7e387f44099ab096685f8e99) Importer(815301076,1909f56bfc062723c751e8b465ee728b)
Start importing Assets/CourseAssets/Animation/Dungeon using Guid(9885901c7e387f44099ab096685f8e99) Importer(815301076,1909f56bfc062723c751e8b465ee728b)  -> (artifact id: '1ab1675cefb7a686861b9ab5900aad16') in 0.009263 seconds 
========================================================================
Received Import Request.
  Time since last request: 3.806387 seconds.
  path: Assets/CourseAssets/Animation/Dungeon/Doors/DoorNS/DoorNS.controller
  artifactKey: Guid(e5bed29e359bbc74d99943f34b684363) Importer(815301076,1909f56bfc062723c751e8b465ee728b)
Start importing Assets/CourseAssets/Animation/Dungeon/Doors/DoorNS/DoorNS.controller using Guid(e5bed29e359bbc74d99943f34b684363) Importer(815301076,1909f56bfc062723c751e8b465ee728b)  -> (artifact id: '75b2c242c68a3932596535d3e3f69a08') in 0.007858 seconds 
========================================================================
Received Import Request.
  Time since last request: 281.796741 seconds.
  path: Assets/Scenes
  artifactKey: Guid(2f66658cd8d9b264ba61f2f2c91f4e5b) Importer(815301076,1909f56bfc062723c751e8b465ee728b)
Start importing Assets/Scenes using Guid(2f66658cd8d9b264ba61f2f2c91f4e5b) Importer(815301076,1909f56bfc062723c751e8b465ee728b)  -> (artifact id: '83efb7ea40e8d301911a7ddebb8c4e9d') in 0.008990 seconds 
========================================================================
Received Import Request.
  Time since last request: 4.414071 seconds.
  path: Assets/Scenes/New SceneTemplate.scenetemplate
  artifactKey: Guid(b940299aef5199d419e33846347598ff) Importer(815301076,1909f56bfc062723c751e8b465ee728b)
Start importing Assets/Scenes/New SceneTemplate.scenetemplate using Guid(b940299aef5199d419e33846347598ff) Importer(815301076,1909f56bfc062723c751e8b465ee728b)  -> (artifact id: 'd9142fd2135876bcccfa494c07cabd9c') in 0.015872 seconds 
========================================================================
Received Import Request.
  Time since last request: 13.901072 seconds.
  path: Assets/Scenes/New Scene.unity
  artifactKey: Guid(dcd70c0919675ca419623a8fa3a427a5) Importer(815301076,1909f56bfc062723c751e8b465ee728b)
Start importing Assets/Scenes/New Scene.unity using Guid(dcd70c0919675ca419623a8fa3a427a5) Importer(815301076,1909f56bfc062723c751e8b465ee728b)  -> (artifact id: '86b180565444bd2d34a2a694264c5b82') in 0.007931 seconds 
========================================================================
Received Import Request.
  Time since last request: 12.470080 seconds.
  path: Assets/Scenes/TestScene.unity
  artifactKey: Guid(f9d5226b7d387464ab65026eb40e3cbb) Importer(815301076,1909f56bfc062723c751e8b465ee728b)
Start importing Assets/Scenes/TestScene.unity using Guid(f9d5226b7d387464ab65026eb40e3cbb) Importer(815301076,1909f56bfc062723c751e8b465ee728b)  -> (artifact id: '34e41137f71cd300c6addfe23be234df') in 0.008361 seconds 
========================================================================
Received Import Request.
  Time since last request: 81.433475 seconds.
  path: Assets/Prefabs/Dungeon/Doors/DoorNS/DoorNS.prefab
  artifactKey: Guid(3df60122a00b9ea41b3c60a35668874c) Importer(815301076,1909f56bfc062723c751e8b465ee728b)
Start importing Assets/Prefabs/Dungeon/Doors/DoorNS/DoorNS.prefab using Guid(3df60122a00b9ea41b3c60a35668874c) Importer(815301076,1909f56bfc062723c751e8b465ee728b)  -> (artifact id: 'eb224824f397cae7fca721cd2811405d') in 0.019163 seconds 
========================================================================
Received Import Request.
  Time since last request: 6175.668298 seconds.
  path: Assets/Prefabs/Dungeon/Doors/DoorEW/DoorEW.prefab
  artifactKey: Guid(f2039aba5034cae4d922338c88cfe0eb) Importer(815301076,1909f56bfc062723c751e8b465ee728b)
Start importing Assets/Prefabs/Dungeon/Doors/DoorEW/DoorEW.prefab using Guid(f2039aba5034cae4d922338c88cfe0eb) Importer(815301076,1909f56bfc062723c751e8b465ee728b)  -> (artifact id: '2d49f10844b2f4e81e47d4231dc3e387') in 0.015464 seconds 
========================================================================
Received Import Request.
  Time since last request: 1.893026 seconds.
  path: Assets/Prefabs/Dungeon/Doors/DoorNS/DoorNS.prefab
  artifactKey: Guid(3df60122a00b9ea41b3c60a35668874c) Importer(815301076,1909f56bfc062723c751e8b465ee728b)
Start importing Assets/Prefabs/Dungeon/Doors/DoorNS/DoorNS.prefab using Guid(3df60122a00b9ea41b3c60a35668874c) Importer(815301076,1909f56bfc062723c751e8b465ee728b)  -> (artifact id: 'f9b9b4a9633cfb4338dbc26731298522') in 0.045110 seconds 
========================================================================
Received Import Request.
  Time since last request: 7.635190 seconds.
  path: Assets/Prefabs/Dungeon/Doors/DoorEW/DoorEW.prefab
  artifactKey: Guid(f2039aba5034cae4d922338c88cfe0eb) Importer(815301076,1909f56bfc062723c751e8b465ee728b)
Start importing Assets/Prefabs/Dungeon/Doors/DoorEW/DoorEW.prefab using Guid(f2039aba5034cae4d922338c88cfe0eb) Importer(815301076,1909f56bfc062723c751e8b465ee728b)  -> (artifact id: '8e8cf9238949a1b4748afa77afe4033c') in 0.005125 seconds 
========================================================================
Received Import Request.
  Time since last request: 37.393338 seconds.
  path: Assets/Prefabs/Dungeon/Doors/DoorEW/DoorEW.prefab
  artifactKey: Guid(f2039aba5034cae4d922338c88cfe0eb) Importer(815301076,1909f56bfc062723c751e8b465ee728b)
Start importing Assets/Prefabs/Dungeon/Doors/DoorEW/DoorEW.prefab using Guid(f2039aba5034cae4d922338c88cfe0eb) Importer(815301076,1909f56bfc062723c751e8b465ee728b)  -> (artifact id: 'be9ea411676fe2c78e2ac7279e827a5c') in 0.004928 seconds 
========================================================================
Received Import Request.
  Time since last request: 76.388625 seconds.
  path: Assets/CourseAssets/Animation/Dungeon/Doors/DoorEW/DoorEW.controller
  artifactKey: Guid(fa5f18c0d3a11044690a694e0381e175) Importer(815301076,1909f56bfc062723c751e8b465ee728b)
Start importing Assets/CourseAssets/Animation/Dungeon/Doors/DoorEW/DoorEW.controller using Guid(fa5f18c0d3a11044690a694e0381e175) Importer(815301076,1909f56bfc062723c751e8b465ee728b)  -> (artifact id: 'fca8e8eece32af70a348fd6b753bcc7b') in 0.007004 seconds 
========================================================================
Received Import Request.
  Time since last request: 817.167546 seconds.
  path: Assets/Scenes/MainGameScene.unity
  artifactKey: Guid(7572d65adb4027b41acb6fc155f38571) Importer(815301076,1909f56bfc062723c751e8b465ee728b)
Start importing Assets/Scenes/MainGameScene.unity using Guid(7572d65adb4027b41acb6fc155f38571) Importer(815301076,1909f56bfc062723c751e8b465ee728b)  -> (artifact id: '6982a4a0a180831e66cc847301ea6d8a') in 0.011213 seconds 
========================================================================
Received Import Request.
  Time since last request: 20.120474 seconds.
  path: Assets/Scenes/TestScene.unity
  artifactKey: Guid(f9d5226b7d387464ab65026eb40e3cbb) Importer(815301076,1909f56bfc062723c751e8b465ee728b)
Start importing Assets/Scenes/TestScene.unity using Guid(f9d5226b7d387464ab65026eb40e3cbb) Importer(815301076,1909f56bfc062723c751e8b465ee728b)  -> (artifact id: '6079329b3a677d8e4ae43bc6dce930c7') in 0.008614 seconds 
========================================================================
Received Import Request.
  Time since last request: 9.300548 seconds.
  path: Assets/Prefabs/Dungeon/Doors/DoorEW/DoorEW.prefab
  artifactKey: Guid(f2039aba5034cae4d922338c88cfe0eb) Importer(815301076,1909f56bfc062723c751e8b465ee728b)
Start importing Assets/Prefabs/Dungeon/Doors/DoorEW/DoorEW.prefab using Guid(f2039aba5034cae4d922338c88cfe0eb) Importer(815301076,1909f56bfc062723c751e8b465ee728b)  -> (artifact id: '9c3b13b151d0f40df63a626a8d4fd6ae') in 0.032057 seconds 
========================================================================
Received Import Request.
  Time since last request: 26.492293 seconds.
  path: Assets/ScriptableObjectAssets/Dungeon/Rooms/Catacombs/Room_BossRoom_Catacombs_1.asset
  artifactKey: Guid(b497cf51860cc124088acdf3dfcc4bdc) Importer(815301076,1909f56bfc062723c751e8b465ee728b)
Start importing Assets/ScriptableObjectAssets/Dungeon/Rooms/Catacombs/Room_BossRoom_Catacombs_1.asset using Guid(b497cf51860cc124088acdf3dfcc4bdc) Importer(815301076,1909f56bfc062723c751e8b465ee728b)  -> (artifact id: 'a5f50fd612810b3095896a4905ecb80f') in 0.036535 seconds 
========================================================================
Received Import Request.
  Time since last request: 61.067722 seconds.
  path: Assets/CourseAssets/Animation/Dungeon/Doors
  artifactKey: Guid(3d771df14137e62469652289796a39c4) Importer(815301076,1909f56bfc062723c751e8b465ee728b)
Start importing Assets/CourseAssets/Animation/Dungeon/Doors using Guid(3d771df14137e62469652289796a39c4) Importer(815301076,1909f56bfc062723c751e8b465ee728b)  -> (artifact id: '02bbca3b9c4239ef8436053c9f7a7eba') in 0.003702 seconds 
========================================================================
Received Import Request.
  Time since last request: 24.461998 seconds.
  path: Assets/ScriptableObjectAssets/Dungeon/Rooms/Catacombs/Room_ChestRoom_Catacombs_1.asset
  artifactKey: Guid(5e10298487db4a548a9e425ea037c915) Importer(815301076,1909f56bfc062723c751e8b465ee728b)
Start importing Assets/ScriptableObjectAssets/Dungeon/Rooms/Catacombs/Room_ChestRoom_Catacombs_1.asset using Guid(5e10298487db4a548a9e425ea037c915) Importer(815301076,1909f56bfc062723c751e8b465ee728b)  -> (artifact id: 'a23de25f7571c4ee931b8a55eaaa80ad') in 0.010468 seconds 
========================================================================
Received Import Request.
  Time since last request: 5.073830 seconds.
  path: Assets/ScriptableObjectAssets/Dungeon/Rooms/Catacombs/Room_Entrance_Catacombs_1.asset
  artifactKey: Guid(3cdc996eae718644dad8dad24ae2c39f) Importer(815301076,1909f56bfc062723c751e8b465ee728b)
Start importing Assets/ScriptableObjectAssets/Dungeon/Rooms/Catacombs/Room_Entrance_Catacombs_1.asset using Guid(3cdc996eae718644dad8dad24ae2c39f) Importer(815301076,1909f56bfc062723c751e8b465ee728b)  -> (artifact id: 'ec7f61aa297b1f7ec170a9cfc789e91c') in 0.010221 seconds 
========================================================================
Received Import Request.
  Time since last request: 48.532390 seconds.
  path: Assets/Prefabs/Dungeon/Doors/DoorNS/DoorNS.prefab
  artifactKey: Guid(3df60122a00b9ea41b3c60a35668874c) Importer(815301076,1909f56bfc062723c751e8b465ee728b)
Start importing Assets/Prefabs/Dungeon/Doors/DoorNS/DoorNS.prefab using Guid(3df60122a00b9ea41b3c60a35668874c) Importer(815301076,1909f56bfc062723c751e8b465ee728b)  -> (artifact id: '25d92185a05ec41e7850a2b12b36ea0e') in 0.018491 seconds 
========================================================================
Received Import Request.
  Time since last request: 61.655510 seconds.
  path: Assets/ScriptableObjectAssets/Dungeon/Rooms/Catacombs/Room_CorridorNS_Catacombs_4.asset
  artifactKey: Guid(0570548b50ed26c469aa21fbd2cce109) Importer(815301076,1909f56bfc062723c751e8b465ee728b)
Start importing Assets/ScriptableObjectAssets/Dungeon/Rooms/Catacombs/Room_CorridorNS_Catacombs_4.asset using Guid(0570548b50ed26c469aa21fbd2cce109) Importer(815301076,1909f56bfc062723c751e8b465ee728b)  -> (artifact id: '1743c01a3bbfcc87cb0d5649de921842') in 0.025693 seconds 
========================================================================
Received Import Request.
  Time since last request: 0.528081 seconds.
  path: Assets/ScriptableObjectAssets/Dungeon/Rooms/Catacombs/Room_CorridorNS_Catacombs_2.asset
  artifactKey: Guid(8560fcec9e5cd454aae62d7775c44da1) Importer(815301076,1909f56bfc062723c751e8b465ee728b)
Start importing Assets/ScriptableObjectAssets/Dungeon/Rooms/Catacombs/Room_CorridorNS_Catacombs_2.asset using Guid(8560fcec9e5cd454aae62d7775c44da1) Importer(815301076,1909f56bfc062723c751e8b465ee728b)  -> (artifact id: '15d60af42e8d4182c1a26a6339702770') in 0.023506 seconds 
========================================================================
Received Import Request.
  Time since last request: 0.301683 seconds.
  path: Assets/ScriptableObjectAssets/Dungeon/Rooms/Catacombs/Room_CorridorEW_Catacombs_4.asset
  artifactKey: Guid(230557191ef7e66449fde6cecaf858cb) Importer(815301076,1909f56bfc062723c751e8b465ee728b)
Start importing Assets/ScriptableObjectAssets/Dungeon/Rooms/Catacombs/Room_CorridorEW_Catacombs_4.asset using Guid(230557191ef7e66449fde6cecaf858cb) Importer(815301076,1909f56bfc062723c751e8b465ee728b)  -> (artifact id: 'bd965691494c6108de77c85b21acdb4b') in 0.011170 seconds 
========================================================================
Received Import Request.
  Time since last request: 0.466884 seconds.
  path: Assets/ScriptableObjectAssets/Dungeon/Rooms/Catacombs/Room_CorridorNS_Catacombs_3.asset
  artifactKey: Guid(1d5c4c4b7468b7749bced9ffcf6799be) Importer(815301076,1909f56bfc062723c751e8b465ee728b)
Start importing Assets/ScriptableObjectAssets/Dungeon/Rooms/Catacombs/Room_CorridorNS_Catacombs_3.asset using Guid(1d5c4c4b7468b7749bced9ffcf6799be) Importer(815301076,1909f56bfc062723c751e8b465ee728b)  -> (artifact id: '81acf2c37fe7b58557933902d56fd143') in 0.023803 seconds 
========================================================================
Received Import Request.
  Time since last request: 8.497339 seconds.
  path: Assets/ScriptableObjectAssets/Dungeon/Rooms/MyRooms/Room_CorridorEW_MyRooms_1.asset
  artifactKey: Guid(b662b8ee0994f434f85faea671a10798) Importer(815301076,1909f56bfc062723c751e8b465ee728b)
Start importing Assets/ScriptableObjectAssets/Dungeon/Rooms/MyRooms/Room_CorridorEW_MyRooms_1.asset using Guid(b662b8ee0994f434f85faea671a10798) Importer(815301076,1909f56bfc062723c751e8b465ee728b)  -> (artifact id: 'cc9b42aae694c5b95d56d24155e1bec7') in 0.009605 seconds 
========================================================================
Received Import Request.
  Time since last request: 3.724705 seconds.
  path: Assets/ScriptableObjectAssets/Dungeon/Rooms/MyRooms/Room_MediumRoom_MyRooms_1.asset
  artifactKey: Guid(01aa53891505bb34fb5133d2079d9925) Importer(815301076,1909f56bfc062723c751e8b465ee728b)
Start importing Assets/ScriptableObjectAssets/Dungeon/Rooms/MyRooms/Room_MediumRoom_MyRooms_1.asset using Guid(01aa53891505bb34fb5133d2079d9925) Importer(815301076,1909f56bfc062723c751e8b465ee728b)  -> (artifact id: '3f07ab0532da6907f1c16e6af135927a') in 0.025601 seconds 
========================================================================
Received Import Request.
  Time since last request: 39.272580 seconds.
  path: Assets/ScriptableObjectAssets/Dungeon/Rooms/Sorcery/Room_BossRoom_Sorcery_1.asset
  artifactKey: Guid(93d5a19f4b6aace49922793f3fb19975) Importer(815301076,1909f56bfc062723c751e8b465ee728b)
Start importing Assets/ScriptableObjectAssets/Dungeon/Rooms/Sorcery/Room_BossRoom_Sorcery_1.asset using Guid(93d5a19f4b6aace49922793f3fb19975) Importer(815301076,1909f56bfc062723c751e8b465ee728b)  -> (artifact id: 'c623e40629bfa402c04d0af3bff3690d') in 0.014693 seconds 
========================================================================
Received Import Request.
  Time since last request: 30.595234 seconds.
  path: Assets/ScriptableObjectAssets/Dungeon/Rooms/Sorcery/Room_BossRoom_Sorcery_2.asset
  artifactKey: Guid(c78573f3520f5964bab250658e509661) Importer(815301076,1909f56bfc062723c751e8b465ee728b)
Start importing Assets/ScriptableObjectAssets/Dungeon/Rooms/Sorcery/Room_BossRoom_Sorcery_2.asset using Guid(c78573f3520f5964bab250658e509661) Importer(815301076,1909f56bfc062723c751e8b465ee728b)  -> (artifact id: '79bd96739f3da58b099676a739518fed') in 0.025988 seconds 
========================================================================
Received Import Request.
  Time since last request: 30.778397 seconds.
  path: Assets/ScriptableObjectAssets/Dungeon/Rooms/Sorcery/Room_ChestRoom_Sorcery_2.asset
  artifactKey: Guid(f3e9b41bf268eac4ea960aa8e5af4804) Importer(815301076,1909f56bfc062723c751e8b465ee728b)
Start importing Assets/ScriptableObjectAssets/Dungeon/Rooms/Sorcery/Room_ChestRoom_Sorcery_2.asset using Guid(f3e9b41bf268eac4ea960aa8e5af4804) Importer(815301076,1909f56bfc062723c751e8b465ee728b)  -> (artifact id: '0bc75343b93ff4372ccef3d7d3956327') in 0.011819 seconds 
========================================================================
Received Import Request.
  Time since last request: 1.306082 seconds.
  path: Assets/ScriptableObjectAssets/Dungeon/Rooms/Sorcery/Room_CorridorEW_Sorcery_4.asset
  artifactKey: Guid(3fe641821de8e5d4aacd3cd6141af9ef) Importer(815301076,1909f56bfc062723c751e8b465ee728b)
Start importing Assets/ScriptableObjectAssets/Dungeon/Rooms/Sorcery/Room_CorridorEW_Sorcery_4.asset using Guid(3fe641821de8e5d4aacd3cd6141af9ef) Importer(815301076,1909f56bfc062723c751e8b465ee728b)  -> (artifact id: 'f8d7f8eb28a9d00d3c164175d52f7bd8') in 0.024482 seconds 
========================================================================
Received Import Request.
  Time since last request: 0.427403 seconds.
  path: Assets/ScriptableObjectAssets/Dungeon/Rooms/Sorcery/Room_CorridorEW_Sorcery_2.asset
  artifactKey: Guid(b5d6b7a750a3fb74ba1347c9eda016bd) Importer(815301076,1909f56bfc062723c751e8b465ee728b)
Start importing Assets/ScriptableObjectAssets/Dungeon/Rooms/Sorcery/Room_CorridorEW_Sorcery_2.asset using Guid(b5d6b7a750a3fb74ba1347c9eda016bd) Importer(815301076,1909f56bfc062723c751e8b465ee728b)  -> (artifact id: '03417c8132cb16d69dff70cfcba9af6b') in 0.023546 seconds 
========================================================================
Received Import Request.
  Time since last request: 0.350971 seconds.
  path: Assets/ScriptableObjectAssets/Dungeon/Rooms/Sorcery/Room_CorridorEW_Sorcery_1.asset
  artifactKey: Guid(56752574f921b034eaa3d3e844ff1ad3) Importer(815301076,1909f56bfc062723c751e8b465ee728b)
Start importing Assets/ScriptableObjectAssets/Dungeon/Rooms/Sorcery/Room_CorridorEW_Sorcery_1.asset using Guid(56752574f921b034eaa3d3e844ff1ad3) Importer(815301076,1909f56bfc062723c751e8b465ee728b)  -> (artifact id: 'affd721c7386df8d6ec71c3c67260616') in 0.009646 seconds 
========================================================================
Received Import Request.
  Time since last request: 4.393784 seconds.
  path: Assets/ScriptableObjectAssets/Dungeon/Rooms/Sorcery/Room_CorridorEW_Sorcery_5.asset
  artifactKey: Guid(79b20a79e6e89fe4f91d92187cf9bda2) Importer(815301076,1909f56bfc062723c751e8b465ee728b)
Start importing Assets/ScriptableObjectAssets/Dungeon/Rooms/Sorcery/Room_CorridorEW_Sorcery_5.asset using Guid(79b20a79e6e89fe4f91d92187cf9bda2) Importer(815301076,1909f56bfc062723c751e8b465ee728b)  -> (artifact id: '57f2febf074becfb8be3f506ba5f17f2') in 0.009399 seconds 
========================================================================
Received Import Request.
  Time since last request: 0.326156 seconds.
  path: Assets/ScriptableObjectAssets/Dungeon/Rooms/Sorcery/Room_Entrance_Sorcery_3.asset
  artifactKey: Guid(a48785e3b38677c41811296610df8f06) Importer(815301076,1909f56bfc062723c751e8b465ee728b)
Start importing Assets/ScriptableObjectAssets/Dungeon/Rooms/Sorcery/Room_Entrance_Sorcery_3.asset using Guid(a48785e3b38677c41811296610df8f06) Importer(815301076,1909f56bfc062723c751e8b465ee728b)  -> (artifact id: 'bdda8fc6004b18f22dba06609a66c6a2') in 0.012017 seconds 
========================================================================
Received Import Request.
  Time since last request: 1.893621 seconds.
  path: Assets/ScriptableObjectAssets/Dungeon/Rooms/Sorcery/Room_CorridorNS_Sorcery_4.asset
  artifactKey: Guid(d71d142559b18e54182ecc4a57b8d521) Importer(815301076,1909f56bfc062723c751e8b465ee728b)
Start importing Assets/ScriptableObjectAssets/Dungeon/Rooms/Sorcery/Room_CorridorNS_Sorcery_4.asset using Guid(d71d142559b18e54182ecc4a57b8d521) Importer(815301076,1909f56bfc062723c751e8b465ee728b)  -> (artifact id: '486dd7221f6677723eed2882c4cf3c13') in 0.010453 seconds 
========================================================================
Received Import Request.
  Time since last request: 0.580291 seconds.
  path: Assets/ScriptableObjectAssets/Dungeon/Rooms/Sorcery/Room_CorridorNS_Sorcery_5.asset
  artifactKey: Guid(b95efca09bd634245b6bc11a0c9763bf) Importer(815301076,1909f56bfc062723c751e8b465ee728b)
Start importing Assets/ScriptableObjectAssets/Dungeon/Rooms/Sorcery/Room_CorridorNS_Sorcery_5.asset using Guid(b95efca09bd634245b6bc11a0c9763bf) Importer(815301076,1909f56bfc062723c751e8b465ee728b)  -> (artifact id: '9b4c14adbd97b21033eae99348ab5ba9') in 0.011927 seconds 
========================================================================
Received Import Request.
  Time since last request: 0.319256 seconds.
  path: Assets/ScriptableObjectAssets/Dungeon/Rooms/Sorcery/Room_CorridorNS_Sorcery_3.asset
  artifactKey: Guid(75f657f003d20ca41a404ce258480556) Importer(815301076,1909f56bfc062723c751e8b465ee728b)
Start importing Assets/ScriptableObjectAssets/Dungeon/Rooms/Sorcery/Room_CorridorNS_Sorcery_3.asset using Guid(75f657f003d20ca41a404ce258480556) Importer(815301076,1909f56bfc062723c751e8b465ee728b)  -> (artifact id: 'c8318245e47e96ec1e247e2dc1bce5cd') in 0.010263 seconds 
========================================================================
Received Import Request.
  Time since last request: 0.339750 seconds.
  path: Assets/ScriptableObjectAssets/Dungeon/Rooms/Sorcery/Room_CorridorNS_Sorcery_1.asset
  artifactKey: Guid(7cc8b7445e8ed3e4ea17478076e19828) Importer(815301076,1909f56bfc062723c751e8b465ee728b)
Start importing Assets/ScriptableObjectAssets/Dungeon/Rooms/Sorcery/Room_CorridorNS_Sorcery_1.asset using Guid(7cc8b7445e8ed3e4ea17478076e19828) Importer(815301076,1909f56bfc062723c751e8b465ee728b)  -> (artifact id: 'f9e948fa1d60ffb1b873f51268c4d62c') in 0.011032 seconds 
========================================================================
Received Import Request.
  Time since last request: 149.920123 seconds.
  path: Assets/Scripts/Misc/Settings.cs
  artifactKey: Guid(d9748b96eec4db54e935ef3ad0a60547) Importer(815301076,1909f56bfc062723c751e8b465ee728b)
Start importing Assets/Scripts/Misc/Settings.cs using Guid(d9748b96eec4db54e935ef3ad0a60547) Importer(815301076,1909f56bfc062723c751e8b465ee728b)  -> (artifact id: 'bde9e2dfa16984254869fa4e8fee5675') in 0.017610 seconds 
========================================================================
Received Prepare
Registering precompiled user dll's ...
Registered in 0.002935 seconds.
Begin MonoManager ReloadAssembly
Native extension for WindowsStandalone target not found
Refreshing native plugins compatible for Editor in 0.93 ms, found 0 plugins.
Preloading 0 native plugins for Editor in 0.00 ms.
Mono: successfully reloaded assembly
- Completed reload, in  1.188 seconds
Platform modules already initialized, skipping
Shader 'Universal Render Pipeline/Particles/Lit': fallback shader 'Universal Render Pipeline/Particles/SimpleLit' not found
Refreshing native plugins compatible for Editor in 1.30 ms, found 0 plugins.
Preloading 0 native plugins for Editor in 0.00 ms.
Unloading 2132 Unused Serialized files (Serialized files now loaded: 0)
System memory in use before: 117.4 MB.
System memory in use after: 117.6 MB.

Unloading 7 unused Assets to reduce memory usage. Loaded Objects now: 2759.
Total: 3.526900 ms (FindLiveObjects: 0.432400 ms CreateObjectMapping: 0.095100 ms MarkObjects: 2.903800 ms  DeleteObjects: 0.080900 ms)

========================================================================
Received Import Request.
  Time since last request: 419.426316 seconds.
  path: Assets/Scripts/Dungeon/InstantiatedRoom.cs
  artifactKey: Guid(38e7e28d6a80c934386930c7998337b0) Importer(815301076,1909f56bfc062723c751e8b465ee728b)
Start importing Assets/Scripts/Dungeon/InstantiatedRoom.cs using Guid(38e7e28d6a80c934386930c7998337b0) Importer(815301076,1909f56bfc062723c751e8b465ee728b)  -> (artifact id: '60aa7d7764a13f7a1a215fe0412cad9d') in 0.013544 seconds 
========================================================================
Received Prepare
Registering precompiled user dll's ...
Registered in 0.002908 seconds.
Begin MonoManager ReloadAssembly
Native extension for WindowsStandalone target not found
Refreshing native plugins compatible for Editor in 1.57 ms, found 0 plugins.
Preloading 0 native plugins for Editor in 0.00 ms.
Mono: successfully reloaded assembly
- Completed reload, in  1.118 seconds
Platform modules already initialized, skipping
Shader 'Universal Render Pipeline/Particles/Lit': fallback shader 'Universal Render Pipeline/Particles/SimpleLit' not found
Refreshing native plugins compatible for Editor in 1.58 ms, found 0 plugins.
Preloading 0 native plugins for Editor in 0.00 ms.
Unloading 2130 Unused Serialized files (Serialized files now loaded: 0)
System memory in use before: 116.2 MB.
System memory in use after: 116.4 MB.

Unloading 6 unused Assets to reduce memory usage. Loaded Objects now: 2761.
Total: 3.267000 ms (FindLiveObjects: 0.377300 ms CreateObjectMapping: 0.070500 ms MarkObjects: 2.730900 ms  DeleteObjects: 0.085900 ms)

========================================================================
Received Prepare
Registering precompiled user dll's ...
Registered in 0.003466 seconds.
Begin MonoManager ReloadAssembly
Native extension for WindowsStandalone target not found
Refreshing native plugins compatible for Editor in 1.35 ms, found 0 plugins.
Preloading 0 native plugins for Editor in 0.00 ms.
Mono: successfully reloaded assembly
- Completed reload, in  1.126 seconds
Platform modules already initialized, skipping
Shader 'Universal Render Pipeline/Particles/Lit': fallback shader 'Universal Render Pipeline/Particles/SimpleLit' not found
Refreshing native plugins compatible for Editor in 2.09 ms, found 0 plugins.
Preloading 0 native plugins for Editor in 0.00 ms.
Unloading 2130 Unused Serialized files (Serialized files now loaded: 0)
System memory in use before: 116.3 MB.
System memory in use after: 116.5 MB.

Unloading 6 unused Assets to reduce memory usage. Loaded Objects now: 2763.
Total: 2.609000 ms (FindLiveObjects: 0.257000 ms CreateObjectMapping: 0.058500 ms MarkObjects: 2.221400 ms  DeleteObjects: 0.071200 ms)

========================================================================
Received Import Request.
  Time since last request: 211.219598 seconds.
  path: Assets/Scripts/Misc/Settings.cs
  artifactKey: Guid(d9748b96eec4db54e935ef3ad0a60547) Importer(815301076,1909f56bfc062723c751e8b465ee728b)
Start importing Assets/Scripts/Misc/Settings.cs using Guid(d9748b96eec4db54e935ef3ad0a60547) Importer(815301076,1909f56bfc062723c751e8b465ee728b)  -> (artifact id: '743e7274197754169e734f187a179d3b') in 0.013832 seconds 
========================================================================
Received Prepare
Registering precompiled user dll's ...
Registered in 0.003181 seconds.
Begin MonoManager ReloadAssembly
Native extension for WindowsStandalone target not found
Refreshing native plugins compatible for Editor in 0.97 ms, found 0 plugins.
Preloading 0 native plugins for Editor in 0.00 ms.
Mono: successfully reloaded assembly
- Completed reload, in  1.062 seconds
Platform modules already initialized, skipping
Shader 'Universal Render Pipeline/Particles/Lit': fallback shader 'Universal Render Pipeline/Particles/SimpleLit' not found
Refreshing native plugins compatible for Editor in 1.04 ms, found 0 plugins.
Preloading 0 native plugins for Editor in 0.00 ms.
Unloading 2130 Unused Serialized files (Serialized files now loaded: 0)
System memory in use before: 116.3 MB.
System memory in use after: 116.5 MB.

Unloading 6 unused Assets to reduce memory usage. Loaded Objects now: 2765.
Total: 2.795700 ms (FindLiveObjects: 0.260300 ms CreateObjectMapping: 0.058900 ms MarkObjects: 2.387200 ms  DeleteObjects: 0.087200 ms)

========================================================================
Received Import Request.
  Time since last request: 20.507904 seconds.
  path: Assets/Scripts/Dungeon/Door.cs
  artifactKey: Guid(0f7028e6997b7154e871f2b6a913d60b) Importer(815301076,1909f56bfc062723c751e8b465ee728b)
Start importing Assets/Scripts/Dungeon/Door.cs using Guid(0f7028e6997b7154e871f2b6a913d60b) Importer(815301076,1909f56bfc062723c751e8b465ee728b)  -> (artifact id: 'b9b2431df17cf8d3c74700bd0156f161') in 0.012379 seconds 
========================================================================
Received Import Request.
  Time since last request: 861.110082 seconds.
  path: Assets/Scripts/Dungeon/Door.cs
  artifactKey: Guid(0f7028e6997b7154e871f2b6a913d60b) Importer(815301076,1909f56bfc062723c751e8b465ee728b)
Start importing Assets/Scripts/Dungeon/Door.cs using Guid(0f7028e6997b7154e871f2b6a913d60b) Importer(815301076,1909f56bfc062723c751e8b465ee728b)  -> (artifact id: '1e61fa4a8e1df89dce012546712b55dd') in 0.004602 seconds 
========================================================================
Received Import Request.
  Time since last request: 105.346670 seconds.
  path: Assets/Scripts/Dungeon/Door.cs
  artifactKey: Guid(0f7028e6997b7154e871f2b6a913d60b) Importer(815301076,1909f56bfc062723c751e8b465ee728b)
Start importing Assets/Scripts/Dungeon/Door.cs using Guid(0f7028e6997b7154e871f2b6a913d60b) Importer(815301076,1909f56bfc062723c751e8b465ee728b)  -> (artifact id: '8b7b4c5c4d56446fde61a063bfd01151') in 0.004375 seconds 
========================================================================
Received Import Request.
  Time since last request: 164.267516 seconds.
  path: Assets/Scripts/Dungeon/Door.cs
  artifactKey: Guid(0f7028e6997b7154e871f2b6a913d60b) Importer(815301076,1909f56bfc062723c751e8b465ee728b)
Start importing Assets/Scripts/Dungeon/Door.cs using Guid(0f7028e6997b7154e871f2b6a913d60b) Importer(815301076,1909f56bfc062723c751e8b465ee728b)  -> (artifact id: '0fcf42ccc0301496564dd431134731bd') in 0.005432 seconds 
========================================================================
Received Import Request.
  Time since last request: 91.145729 seconds.
  path: Assets/Scripts/Dungeon/Door.cs
  artifactKey: Guid(0f7028e6997b7154e871f2b6a913d60b) Importer(815301076,1909f56bfc062723c751e8b465ee728b)
Start importing Assets/Scripts/Dungeon/Door.cs using Guid(0f7028e6997b7154e871f2b6a913d60b) Importer(815301076,1909f56bfc062723c751e8b465ee728b)  -> (artifact id: 'ba823651b439e14187d91bdcfba47a71') in 0.007892 seconds 
========================================================================
Received Import Request.
  Time since last request: 121.911381 seconds.
  path: Assets/Scripts/Dungeon/Door.cs
  artifactKey: Guid(0f7028e6997b7154e871f2b6a913d60b) Importer(815301076,1909f56bfc062723c751e8b465ee728b)
Start importing Assets/Scripts/Dungeon/Door.cs using Guid(0f7028e6997b7154e871f2b6a913d60b) Importer(815301076,1909f56bfc062723c751e8b465ee728b)  -> (artifact id: 'c22a4e10099ada0866b23a2661e02c51') in 0.004288 seconds 
========================================================================
Received Prepare
Registering precompiled user dll's ...
Registered in 0.002307 seconds.
Begin MonoManager ReloadAssembly
Native extension for WindowsStandalone target not found
Refreshing native plugins compatible for Editor in 1.41 ms, found 0 plugins.
Preloading 0 native plugins for Editor in 0.00 ms.
Mono: successfully reloaded assembly
- Completed reload, in  1.177 seconds
Platform modules already initialized, skipping
Shader 'Universal Render Pipeline/Particles/Lit': fallback shader 'Universal Render Pipeline/Particles/SimpleLit' not found
Refreshing native plugins compatible for Editor in 1.81 ms, found 0 plugins.
Preloading 0 native plugins for Editor in 0.00 ms.
Unloading 2131 Unused Serialized files (Serialized files now loaded: 0)
System memory in use before: 116.3 MB.
System memory in use after: 116.5 MB.

Unloading 6 unused Assets to reduce memory usage. Loaded Objects now: 2768.
Total: 2.805200 ms (FindLiveObjects: 0.269600 ms CreateObjectMapping: 0.056300 ms MarkObjects: 2.404000 ms  DeleteObjects: 0.073300 ms)

========================================================================
Received Import Request.
  Time since last request: 96.218371 seconds.
  path: Assets/Scripts/Dungeon/InstantiatedRoom.cs
  artifactKey: Guid(38e7e28d6a80c934386930c7998337b0) Importer(815301076,1909f56bfc062723c751e8b465ee728b)
Start importing Assets/Scripts/Dungeon/InstantiatedRoom.cs using Guid(38e7e28d6a80c934386930c7998337b0) Importer(815301076,1909f56bfc062723c751e8b465ee728b)  -> (artifact id: 'f736534d9f95b1a3ebfe3e6166820720') in 0.010818 seconds 
========================================================================
Received Prepare
Registering precompiled user dll's ...
Registered in 0.002287 seconds.
Begin MonoManager ReloadAssembly
Native extension for WindowsStandalone target not found
Refreshing native plugins compatible for Editor in 1.02 ms, found 0 plugins.
Preloading 0 native plugins for Editor in 0.00 ms.
Mono: successfully reloaded assembly
- Completed reload, in  1.064 seconds
Platform modules already initialized, skipping
Shader 'Universal Render Pipeline/Particles/Lit': fallback shader 'Universal Render Pipeline/Particles/SimpleLit' not found
Refreshing native plugins compatible for Editor in 0.93 ms, found 0 plugins.
Preloading 0 native plugins for Editor in 0.00 ms.
Unloading 2131 Unused Serialized files (Serialized files now loaded: 0)
System memory in use before: 116.4 MB.
System memory in use after: 116.5 MB.

Unloading 6 unused Assets to reduce memory usage. Loaded Objects now: 2770.
Total: 2.415300 ms (FindLiveObjects: 0.249100 ms CreateObjectMapping: 0.055400 ms MarkObjects: 2.015200 ms  DeleteObjects: 0.094100 ms)

========================================================================
Received Import Request.
  Time since last request: 116.567854 seconds.
  path: Assets/Prefabs/Player/Thief/TheThief.prefab
  artifactKey: Guid(411d4c7631c7f1641ac79a25735b8432) Importer(815301076,1909f56bfc062723c751e8b465ee728b)
Start importing Assets/Prefabs/Player/Thief/TheThief.prefab using Guid(411d4c7631c7f1641ac79a25735b8432) Importer(815301076,1909f56bfc062723c751e8b465ee728b)  -> (artifact id: 'b9f9e4edd8e0b74e4690770be5cc4b47') in 0.298223 seconds 
========================================================================
Received Prepare
Registering precompiled user dll's ...
Registered in 0.002367 seconds.
Begin MonoManager ReloadAssembly
Native extension for WindowsStandalone target not found
Refreshing native plugins compatible for Editor in 1.20 ms, found 0 plugins.
Preloading 0 native plugins for Editor in 0.00 ms.
Mono: successfully reloaded assembly
- Completed reload, in  1.161 seconds
Platform modules already initialized, skipping
Shader 'Universal Render Pipeline/Particles/Lit': fallback shader 'Universal Render Pipeline/Particles/SimpleLit' not found
Refreshing native plugins compatible for Editor in 1.21 ms, found 0 plugins.
Preloading 0 native plugins for Editor in 0.00 ms.
Unloading 2131 Unused Serialized files (Serialized files now loaded: 0)
System memory in use before: 117.5 MB.
System memory in use after: 117.7 MB.

Unloading 7 unused Assets to reduce memory usage. Loaded Objects now: 2810.
Total: 3.597000 ms (FindLiveObjects: 0.329200 ms CreateObjectMapping: 0.076200 ms MarkObjects: 3.099900 ms  DeleteObjects: 0.089800 ms)

